#
# There is insufficient memory for the Java Runtime Environment to continue.
# Native memory allocation (malloc) failed to allocate 876256 bytes for Chunk::new
# Possible reasons:
#   The system is out of physical RAM or swap space
#   The process is running with CompressedOops enabled, and the Java Heap may be blocking the growth of the native heap
# Possible solutions:
#   Reduce memory load on the system
#   Increase physical memory or swap space
#   Check if swap backing store is full
#   Decrease Java heap size (-Xmx/-Xms)
#   Decrease number of Java threads
#   Decrease Java thread stack sizes (-Xss)
#   Set larger code cache with -XX:ReservedCodeCacheSize=
#   JVM is running with Zero Based Compressed Oops mode in which the Java heap is
#     placed in the first 32GB address space. The Java Heap base address is the
#     maximum limit for the native heap growth. Please use -XX:HeapBaseMinAddress
#     to set the Java Heap base and to place the Java Heap above 32GB virtual address.
# This output file may be truncated or incomplete.
#
#  Out of Memory Error (./src/hotspot/share/memory/arena.cpp:197), pid=6528, tid=3744
#
# JRE version: OpenJDK Runtime Environment (11.0.10) (build 11.0.10+0-b96-7249189)
# Java VM: OpenJDK 64-Bit Server VM (11.0.10+0-b96-7249189, mixed mode, tiered, compressed oops, g1 gc, windows-amd64)
# No core dump will be written. Minidumps are not enabled by default on client versions of Windows
#

---------------  S U M M A R Y ------------

Command Line: org.jetbrains.kotlin.cli.jvm.K2JVMCompiler @C:\Users\KevinHM\AndroidStudioProjects\QuotesMVVM-API-master\app\build\20211208_3479504230112888165.compiler.options

Host: Intel(R) Core(TM) i5-3210M CPU @ 2.50GHz, 4 cores, 11G,  Windows 10 , 64 bit Build 17763 (10.0.17763.2300)
Time: Wed Dec  8 16:04:07 2021 Hora estándar central (México) elapsed time: 9.634425 seconds (0d 0h 0m 9s)

---------------  T H R E A D  ---------------

Current thread (0x000001ec83842800):  JavaThread "C2 CompilerThread0" daemon [_thread_in_native, id=3744, stack(0x00000089a0b00000,0x00000089a0c00000)]


Current CompileTask:
C2:   9634 4779       4       org.jetbrains.kotlin.com.intellij.lang.impl.PsiBuilderImpl::insertLeaves (88 bytes)

Stack: [0x00000089a0b00000,0x00000089a0c00000]
Native frames: (J=compiled Java code, j=interpreted, Vv=VM code, C=native code)
V  [jvm.dll+0x5ecfaa]
V  [jvm.dll+0x722bd5]
V  [jvm.dll+0x72412d]
V  [jvm.dll+0x7247e3]
V  [jvm.dll+0x242928]
V  [jvm.dll+0xbc4fc]
V  [jvm.dll+0xbca0c]
V  [jvm.dll+0x2b4fd4]
V  [jvm.dll+0x506028]
V  [jvm.dll+0x203253]
V  [jvm.dll+0x1fd07c]
V  [jvm.dll+0x1fa77f]
V  [jvm.dll+0x18354c]
V  [jvm.dll+0x208ee7]
V  [jvm.dll+0x207731]
V  [jvm.dll+0x6eb1cf]
V  [jvm.dll+0x6e3d45]
V  [jvm.dll+0x5ebe96]
C  [ucrtbase.dll+0x2268a]
C  [KERNEL32.DLL+0x17974]
C  [ntdll.dll+0x5a2f1]


---------------  P R O C E S S  ---------------

Threads class SMR info:
_java_thread_list=0x000001ec855fb5a0, length=11, elements={
0x000001ece6ad3800, 0x000001ec837d8000, 0x000001ec837da000, 0x000001ec837f7000,
0x000001ec837f8000, 0x000001ec837fa000, 0x000001ec83842800, 0x000001ec8384a000,
0x000001ec83855800, 0x000001ec839c5000, 0x000001ec8592f000
}

Java Threads: ( => current thread )
  0x000001ece6ad3800 JavaThread "main" [_thread_blocked, id=5872, stack(0x000000899ff00000,0x00000089a0000000)]
  0x000001ec837d8000 JavaThread "Reference Handler" daemon [_thread_blocked, id=5200, stack(0x00000089a0600000,0x00000089a0700000)]
  0x000001ec837da000 JavaThread "Finalizer" daemon [_thread_blocked, id=9684, stack(0x00000089a0700000,0x00000089a0800000)]
  0x000001ec837f7000 JavaThread "Signal Dispatcher" daemon [_thread_blocked, id=3284, stack(0x00000089a0800000,0x00000089a0900000)]
  0x000001ec837f8000 JavaThread "Attach Listener" daemon [_thread_blocked, id=9048, stack(0x00000089a0900000,0x00000089a0a00000)]
  0x000001ec837fa000 JavaThread "Service Thread" daemon [_thread_blocked, id=8812, stack(0x00000089a0a00000,0x00000089a0b00000)]
=>0x000001ec83842800 JavaThread "C2 CompilerThread0" daemon [_thread_in_native, id=3744, stack(0x00000089a0b00000,0x00000089a0c00000)]
  0x000001ec8384a000 JavaThread "C1 CompilerThread0" daemon [_thread_blocked, id=10864, stack(0x00000089a0c00000,0x00000089a0d00000)]
  0x000001ec83855800 JavaThread "Sweeper thread" daemon [_thread_blocked, id=9792, stack(0x00000089a0d00000,0x00000089a0e00000)]
  0x000001ec839c5000 JavaThread "Common-Cleaner" daemon [_thread_blocked, id=12284, stack(0x00000089a0f00000,0x00000089a1000000)]
  0x000001ec8592f000 JavaThread "C2 CompilerThread1" daemon [_thread_in_native, id=12244, stack(0x00000089a1000000,0x00000089a1100000)]

Other Threads:
  0x000001ec837b1800 VMThread "VM Thread" [stack: 0x00000089a0500000,0x00000089a0600000] [id=8480]
  0x000001ec839b2800 WatcherThread [stack: 0x00000089a0e00000,0x00000089a0f00000] [id=5356]
  0x000001ece6aec000 GCTaskThread "GC Thread#0" [stack: 0x00000089a0000000,0x00000089a0100000] [id=9916]
  0x000001ec83e47000 GCTaskThread "GC Thread#1" [stack: 0x00000089a1100000,0x00000089a1200000] [id=4580]
  0x000001ec83e47800 GCTaskThread "GC Thread#2" [stack: 0x00000089a1200000,0x00000089a1300000] [id=376]
  0x000001ec83ec1000 GCTaskThread "GC Thread#3" [stack: 0x00000089a1300000,0x00000089a1400000] [id=2720]
  0x000001ece6b33000 ConcurrentGCThread "G1 Main Marker" [stack: 0x00000089a0100000,0x00000089a0200000] [id=8568]
  0x000001ece6b34800 ConcurrentGCThread "G1 Conc#0" [stack: 0x00000089a0200000,0x00000089a0300000] [id=9928]
  0x000001ecffae9000 ConcurrentGCThread "G1 Refine#0" [stack: 0x00000089a0300000,0x00000089a0400000] [id=3712]
  0x000001ecffaea000 ConcurrentGCThread "G1 Young RemSet Sampling" [stack: 0x00000089a0400000,0x00000089a0500000] [id=9972]

Threads with active compile tasks:
C2 CompilerThread0   9937 4779       4       org.jetbrains.kotlin.com.intellij.lang.impl.PsiBuilderImpl::insertLeaves (88 bytes)
C2 CompilerThread1   9937 4781   !   4       org.jetbrains.kotlin.com.intellij.psi.impl.source.CharTableImpl::doIntern (85 bytes)

VM state:at safepoint (normal execution)

VM Mutex/Monitor currently owned by a thread:  ([mutex/lock_event])
[0x000001ece6ad03d0] Threads_lock - owner thread: 0x000001ec837b1800
[0x000001ece6acfbf0] Heap_lock - owner thread: 0x000001ece6ad3800
[0x000001ece6ad0970] MultiArray_lock - owner thread: 0x000001ece6ad3800
[0x000001ece6acff50] Compile_lock - owner thread: 0x000001ece6ad3800

Heap address: 0x0000000741800000, size: 3048 MB, Compressed Oops mode: Zero based, Oop shift amount: 3
Narrow klass base: 0x0000000800000000, Narrow klass shift: 0
Compressed class space size: 1073741824 Address: 0x0000000800000000

Heap:
 garbage-first heap   total 236544K, used 33684K [0x0000000741800000, 0x0000000800000000)
  region size 1024K, 6 young (6144K), 6 survivors (6144K)
 Metaspace       used 53737K, capacity 54429K, committed 54448K, reserved 1107968K
  class space    used 6364K, capacity 6646K, committed 6656K, reserved 1048576K
Heap Regions: E=young(eden), S=young(survivor), O=old, HS=humongous(starts), HC=humongous(continues), CS=collection set, F=free, A=archive, TAMS=top-at-mark-start (previous, next)
|   0|0x0000000741800000, 0x0000000741900000, 0x0000000741900000|100%|HS|  |TAMS 0x0000000741900000, 0x0000000741900000| Complete 
|   1|0x0000000741900000, 0x0000000741a00000, 0x0000000741a00000|100%|HC|  |TAMS 0x0000000741a00000, 0x0000000741a00000| Complete 
|   2|0x0000000741a00000, 0x0000000741b00000, 0x0000000741b00000|100%|HC|  |TAMS 0x0000000741b00000, 0x0000000741b00000| Complete 
|   3|0x0000000741b00000, 0x0000000741c00000, 0x0000000741c00000|100%| O|  |TAMS 0x0000000741c00000, 0x0000000741c00000| Untracked 
|   4|0x0000000741c00000, 0x0000000741d00000, 0x0000000741d00000|100%| O|  |TAMS 0x0000000741d00000, 0x0000000741d00000| Untracked 
|   5|0x0000000741d00000, 0x0000000741e00000, 0x0000000741e00000|100%|HS|  |TAMS 0x0000000741e00000, 0x0000000741e00000| Complete 
|   6|0x0000000741e00000, 0x0000000741f00000, 0x0000000741f00000|100%|HC|  |TAMS 0x0000000741f00000, 0x0000000741f00000| Complete 
|   7|0x0000000741f00000, 0x0000000742000000, 0x0000000742000000|100%|HC|  |TAMS 0x0000000742000000, 0x0000000742000000| Complete 
|   8|0x0000000742000000, 0x0000000742100000, 0x0000000742100000|100%| O|  |TAMS 0x0000000742000000, 0x0000000742100000| Untracked 
|   9|0x0000000742100000, 0x0000000742200000, 0x0000000742200000|100%| O|  |TAMS 0x0000000742100000, 0x0000000742200000| Untracked 
|  10|0x0000000742200000, 0x0000000742300000, 0x0000000742300000|100%| O|  |TAMS 0x0000000742300000, 0x0000000742300000| Untracked 
|  11|0x0000000742300000, 0x0000000742400000, 0x0000000742400000|100%| O|  |TAMS 0x0000000742400000, 0x0000000742400000| Untracked 
|  12|0x0000000742400000, 0x0000000742500000, 0x0000000742500000|100%| O|  |TAMS 0x0000000742500000, 0x0000000742500000| Untracked 
|  13|0x0000000742500000, 0x0000000742600000, 0x0000000742600000|100%| O|  |TAMS 0x00000007425cf800, 0x0000000742600000| Untracked 
|  14|0x0000000742600000, 0x0000000742700000, 0x0000000742700000|100%|HS|  |TAMS 0x0000000742600000, 0x0000000742700000| Complete 
|  15|0x0000000742700000, 0x0000000742800000, 0x0000000742800000|100%|HC|  |TAMS 0x0000000742700000, 0x0000000742800000| Complete 
|  16|0x0000000742800000, 0x0000000742900000, 0x0000000742900000|100%| O|  |TAMS 0x0000000742800000, 0x0000000742900000| Untracked 
|  17|0x0000000742900000, 0x0000000742a00000, 0x0000000742a00000|100%| O|  |TAMS 0x0000000742900000, 0x0000000742a00000| Untracked 
|  18|0x0000000742a00000, 0x0000000742b00000, 0x0000000742b00000|100%| O|  |TAMS 0x0000000742a00000, 0x0000000742b00000| Untracked 
|  19|0x0000000742b00000, 0x0000000742c00000, 0x0000000742c00000|100%| O|  |TAMS 0x0000000742b00000, 0x0000000742c00000| Untracked 
|  20|0x0000000742c00000, 0x0000000742d00000, 0x0000000742d00000|100%| O|  |TAMS 0x0000000742c00000, 0x0000000742d00000| Untracked 
|  21|0x0000000742d00000, 0x0000000742e00000, 0x0000000742e00000|100%| O|  |TAMS 0x0000000742d00000, 0x0000000742e00000| Untracked 
|  22|0x0000000742e00000, 0x0000000742f00000, 0x0000000742f00000|100%| O|  |TAMS 0x0000000742e00000, 0x0000000742f00000| Untracked 
|  23|0x0000000742f00000, 0x0000000743000000, 0x0000000743000000|100%| O|  |TAMS 0x0000000742f00000, 0x0000000743000000| Untracked 
|  24|0x0000000743000000, 0x0000000743100000, 0x0000000743100000|100%| O|  |TAMS 0x0000000743000000, 0x0000000743100000| Untracked 
|  25|0x0000000743100000, 0x0000000743200000, 0x0000000743200000|100%| O|  |TAMS 0x0000000743100000, 0x0000000743200000| Untracked 
|  26|0x0000000743200000, 0x00000007432e5200, 0x0000000743300000| 89%| O|  |TAMS 0x0000000743200000, 0x00000007432e5200| Untracked 
|  27|0x0000000743300000, 0x0000000743300000, 0x0000000743400000|  0%| F|  |TAMS 0x0000000743300000, 0x0000000743300000| Untracked 
|  28|0x0000000743400000, 0x0000000743400000, 0x0000000743500000|  0%| F|  |TAMS 0x0000000743400000, 0x0000000743400000| Untracked 
|  29|0x0000000743500000, 0x0000000743500000, 0x0000000743600000|  0%| F|  |TAMS 0x0000000743500000, 0x0000000743500000| Untracked 
|  30|0x0000000743600000, 0x0000000743600000, 0x0000000743700000|  0%| F|  |TAMS 0x0000000743600000, 0x0000000743600000| Untracked 
|  31|0x0000000743700000, 0x0000000743700000, 0x0000000743800000|  0%| F|  |TAMS 0x0000000743700000, 0x0000000743700000| Untracked 
|  32|0x0000000743800000, 0x0000000743800000, 0x0000000743900000|  0%| F|  |TAMS 0x0000000743800000, 0x0000000743800000| Untracked 
|  33|0x0000000743900000, 0x0000000743900000, 0x0000000743a00000|  0%| F|  |TAMS 0x0000000743900000, 0x0000000743900000| Untracked 
|  34|0x0000000743a00000, 0x0000000743a00000, 0x0000000743b00000|  0%| F|  |TAMS 0x0000000743a00000, 0x0000000743a00000| Untracked 
|  35|0x0000000743b00000, 0x0000000743b00000, 0x0000000743c00000|  0%| F|  |TAMS 0x0000000743b00000, 0x0000000743b00000| Untracked 
|  36|0x0000000743c00000, 0x0000000743c00000, 0x0000000743d00000|  0%| F|  |TAMS 0x0000000743c00000, 0x0000000743c00000| Untracked 
|  37|0x0000000743d00000, 0x0000000743d00000, 0x0000000743e00000|  0%| F|  |TAMS 0x0000000743d00000, 0x0000000743d00000| Untracked 
|  38|0x0000000743e00000, 0x0000000743e00000, 0x0000000743f00000|  0%| F|  |TAMS 0x0000000743e00000, 0x0000000743e00000| Untracked 
|  39|0x0000000743f00000, 0x0000000743f00000, 0x0000000744000000|  0%| F|  |TAMS 0x0000000743f00000, 0x0000000743f00000| Untracked 
|  40|0x0000000744000000, 0x0000000744000000, 0x0000000744100000|  0%| F|  |TAMS 0x0000000744000000, 0x0000000744000000| Untracked 
|  41|0x0000000744100000, 0x0000000744100000, 0x0000000744200000|  0%| F|  |TAMS 0x0000000744100000, 0x0000000744100000| Untracked 
|  42|0x0000000744200000, 0x0000000744200000, 0x0000000744300000|  0%| F|  |TAMS 0x0000000744200000, 0x0000000744200000| Untracked 
|  43|0x0000000744300000, 0x0000000744300000, 0x0000000744400000|  0%| F|  |TAMS 0x0000000744300000, 0x0000000744300000| Untracked 
|  44|0x0000000744400000, 0x0000000744400000, 0x0000000744500000|  0%| F|  |TAMS 0x0000000744400000, 0x0000000744400000| Untracked 
|  45|0x0000000744500000, 0x0000000744500000, 0x0000000744600000|  0%| F|  |TAMS 0x0000000744500000, 0x0000000744500000| Untracked 
|  46|0x0000000744600000, 0x0000000744600000, 0x0000000744700000|  0%| F|  |TAMS 0x0000000744600000, 0x0000000744600000| Untracked 
|  47|0x0000000744700000, 0x0000000744700000, 0x0000000744800000|  0%| F|  |TAMS 0x0000000744700000, 0x0000000744700000| Untracked 
|  48|0x0000000744800000, 0x0000000744800000, 0x0000000744900000|  0%| F|  |TAMS 0x0000000744800000, 0x0000000744800000| Untracked 
|  49|0x0000000744900000, 0x0000000744900000, 0x0000000744a00000|  0%| F|  |TAMS 0x0000000744900000, 0x0000000744900000| Untracked 
|  50|0x0000000744a00000, 0x0000000744a00000, 0x0000000744b00000|  0%| F|  |TAMS 0x0000000744a00000, 0x0000000744a00000| Untracked 
|  51|0x0000000744b00000, 0x0000000744b00000, 0x0000000744c00000|  0%| F|  |TAMS 0x0000000744b00000, 0x0000000744b00000| Untracked 
|  52|0x0000000744c00000, 0x0000000744c00000, 0x0000000744d00000|  0%| F|  |TAMS 0x0000000744c00000, 0x0000000744c00000| Untracked 
|  53|0x0000000744d00000, 0x0000000744d00000, 0x0000000744e00000|  0%| F|  |TAMS 0x0000000744d00000, 0x0000000744d00000| Untracked 
|  54|0x0000000744e00000, 0x0000000744e00000, 0x0000000744f00000|  0%| F|  |TAMS 0x0000000744e00000, 0x0000000744e00000| Untracked 
|  55|0x0000000744f00000, 0x0000000744f00000, 0x0000000745000000|  0%| F|  |TAMS 0x0000000744f00000, 0x0000000744f00000| Untracked 
|  56|0x0000000745000000, 0x0000000745000000, 0x0000000745100000|  0%| F|  |TAMS 0x0000000745000000, 0x0000000745000000| Untracked 
|  57|0x0000000745100000, 0x0000000745100000, 0x0000000745200000|  0%| F|  |TAMS 0x0000000745100000, 0x0000000745100000| Untracked 
|  58|0x0000000745200000, 0x0000000745200000, 0x0000000745300000|  0%| F|  |TAMS 0x0000000745200000, 0x0000000745200000| Untracked 
|  59|0x0000000745300000, 0x0000000745300000, 0x0000000745400000|  0%| F|  |TAMS 0x0000000745300000, 0x0000000745300000| Untracked 
|  60|0x0000000745400000, 0x0000000745400000, 0x0000000745500000|  0%| F|  |TAMS 0x0000000745400000, 0x0000000745400000| Untracked 
|  61|0x0000000745500000, 0x0000000745500000, 0x0000000745600000|  0%| F|  |TAMS 0x0000000745500000, 0x0000000745500000| Untracked 
|  62|0x0000000745600000, 0x0000000745600000, 0x0000000745700000|  0%| F|  |TAMS 0x0000000745600000, 0x0000000745600000| Untracked 
|  63|0x0000000745700000, 0x0000000745700000, 0x0000000745800000|  0%| F|  |TAMS 0x0000000745700000, 0x0000000745700000| Untracked 
|  64|0x0000000745800000, 0x0000000745800000, 0x0000000745900000|  0%| F|  |TAMS 0x0000000745800000, 0x0000000745800000| Untracked 
|  65|0x0000000745900000, 0x0000000745900000, 0x0000000745a00000|  0%| F|  |TAMS 0x0000000745900000, 0x0000000745900000| Untracked 
|  66|0x0000000745a00000, 0x0000000745a00000, 0x0000000745b00000|  0%| F|  |TAMS 0x0000000745a00000, 0x0000000745a00000| Untracked 
|  67|0x0000000745b00000, 0x0000000745b00000, 0x0000000745c00000|  0%| F|  |TAMS 0x0000000745b00000, 0x0000000745b00000| Untracked 
|  68|0x0000000745c00000, 0x0000000745c00000, 0x0000000745d00000|  0%| F|  |TAMS 0x0000000745c00000, 0x0000000745c00000| Untracked 
|  69|0x0000000745d00000, 0x0000000745d00000, 0x0000000745e00000|  0%| F|  |TAMS 0x0000000745d00000, 0x0000000745d00000| Untracked 
|  70|0x0000000745e00000, 0x0000000745e00000, 0x0000000745f00000|  0%| F|  |TAMS 0x0000000745e00000, 0x0000000745e00000| Untracked 
|  71|0x0000000745f00000, 0x0000000745f00000, 0x0000000746000000|  0%| F|  |TAMS 0x0000000745f00000, 0x0000000745f00000| Untracked 
|  72|0x0000000746000000, 0x0000000746000000, 0x0000000746100000|  0%| F|  |TAMS 0x0000000746000000, 0x0000000746000000| Untracked 
|  73|0x0000000746100000, 0x0000000746100000, 0x0000000746200000|  0%| F|  |TAMS 0x0000000746100000, 0x0000000746100000| Untracked 
|  74|0x0000000746200000, 0x0000000746200000, 0x0000000746300000|  0%| F|  |TAMS 0x0000000746200000, 0x0000000746200000| Untracked 
|  75|0x0000000746300000, 0x0000000746300000, 0x0000000746400000|  0%| F|  |TAMS 0x0000000746300000, 0x0000000746300000| Untracked 
|  76|0x0000000746400000, 0x0000000746400000, 0x0000000746500000|  0%| F|  |TAMS 0x0000000746400000, 0x0000000746400000| Untracked 
|  77|0x0000000746500000, 0x0000000746500000, 0x0000000746600000|  0%| F|  |TAMS 0x0000000746500000, 0x0000000746500000| Untracked 
|  78|0x0000000746600000, 0x0000000746600000, 0x0000000746700000|  0%| F|  |TAMS 0x0000000746600000, 0x0000000746600000| Untracked 
|  79|0x0000000746700000, 0x0000000746700000, 0x0000000746800000|  0%| F|  |TAMS 0x0000000746700000, 0x0000000746700000| Untracked 
|  80|0x0000000746800000, 0x0000000746800000, 0x0000000746900000|  0%| F|  |TAMS 0x0000000746800000, 0x0000000746800000| Untracked 
|  81|0x0000000746900000, 0x0000000746900000, 0x0000000746a00000|  0%| F|  |TAMS 0x0000000746900000, 0x0000000746900000| Untracked 
|  82|0x0000000746a00000, 0x0000000746a00000, 0x0000000746b00000|  0%| F|  |TAMS 0x0000000746a00000, 0x0000000746a00000| Untracked 
|  83|0x0000000746b00000, 0x0000000746b00000, 0x0000000746c00000|  0%| F|  |TAMS 0x0000000746b00000, 0x0000000746b00000| Untracked 
|  84|0x0000000746c00000, 0x0000000746c00000, 0x0000000746d00000|  0%| F|  |TAMS 0x0000000746c00000, 0x0000000746c00000| Untracked 
|  85|0x0000000746d00000, 0x0000000746d00000, 0x0000000746e00000|  0%| F|  |TAMS 0x0000000746d00000, 0x0000000746d00000| Untracked 
|  86|0x0000000746e00000, 0x0000000746e00000, 0x0000000746f00000|  0%| F|  |TAMS 0x0000000746e00000, 0x0000000746e00000| Untracked 
|  87|0x0000000746f00000, 0x0000000746f00000, 0x0000000747000000|  0%| F|  |TAMS 0x0000000746f00000, 0x0000000746f00000| Untracked 
|  88|0x0000000747000000, 0x0000000747000000, 0x0000000747100000|  0%| F|  |TAMS 0x0000000747000000, 0x0000000747000000| Untracked 
|  89|0x0000000747100000, 0x0000000747100000, 0x0000000747200000|  0%| F|  |TAMS 0x0000000747100000, 0x0000000747100000| Untracked 
|  90|0x0000000747200000, 0x0000000747200000, 0x0000000747300000|  0%| F|  |TAMS 0x0000000747200000, 0x0000000747200000| Untracked 
|  91|0x0000000747300000, 0x0000000747300000, 0x0000000747400000|  0%| F|  |TAMS 0x0000000747300000, 0x0000000747300000| Untracked 
|  92|0x0000000747400000, 0x0000000747400000, 0x0000000747500000|  0%| F|  |TAMS 0x0000000747400000, 0x0000000747400000| Untracked 
|  93|0x0000000747500000, 0x0000000747500000, 0x0000000747600000|  0%| F|  |TAMS 0x0000000747500000, 0x0000000747500000| Untracked 
|  94|0x0000000747600000, 0x0000000747600000, 0x0000000747700000|  0%| F|  |TAMS 0x0000000747600000, 0x0000000747600000| Untracked 
|  95|0x0000000747700000, 0x0000000747700000, 0x0000000747800000|  0%| F|  |TAMS 0x0000000747700000, 0x0000000747700000| Untracked 
|  96|0x0000000747800000, 0x0000000747800000, 0x0000000747900000|  0%| F|  |TAMS 0x0000000747800000, 0x0000000747800000| Untracked 
|  97|0x0000000747900000, 0x0000000747900000, 0x0000000747a00000|  0%| F|  |TAMS 0x0000000747900000, 0x0000000747900000| Untracked 
|  98|0x0000000747a00000, 0x0000000747a00000, 0x0000000747b00000|  0%| F|  |TAMS 0x0000000747a00000, 0x0000000747a00000| Untracked 
|  99|0x0000000747b00000, 0x0000000747b00000, 0x0000000747c00000|  0%| F|  |TAMS 0x0000000747b00000, 0x0000000747b00000| Untracked 
| 100|0x0000000747c00000, 0x0000000747c00000, 0x0000000747d00000|  0%| F|  |TAMS 0x0000000747c00000, 0x0000000747c00000| Untracked 
| 101|0x0000000747d00000, 0x0000000747d00000, 0x0000000747e00000|  0%| F|  |TAMS 0x0000000747d00000, 0x0000000747d00000| Untracked 
| 102|0x0000000747e00000, 0x0000000747e00000, 0x0000000747f00000|  0%| F|  |TAMS 0x0000000747e00000, 0x0000000747e00000| Untracked 
| 103|0x0000000747f00000, 0x0000000747f00000, 0x0000000748000000|  0%| F|  |TAMS 0x0000000747f00000, 0x0000000747f00000| Untracked 
| 104|0x0000000748000000, 0x0000000748000000, 0x0000000748100000|  0%| F|  |TAMS 0x0000000748000000, 0x0000000748000000| Untracked 
| 105|0x0000000748100000, 0x0000000748100000, 0x0000000748200000|  0%| F|  |TAMS 0x0000000748100000, 0x0000000748100000| Untracked 
| 106|0x0000000748200000, 0x0000000748200000, 0x0000000748300000|  0%| F|  |TAMS 0x0000000748200000, 0x0000000748200000| Untracked 
| 107|0x0000000748300000, 0x0000000748300000, 0x0000000748400000|  0%| F|  |TAMS 0x0000000748300000, 0x0000000748300000| Untracked 
| 108|0x0000000748400000, 0x0000000748400000, 0x0000000748500000|  0%| F|  |TAMS 0x0000000748400000, 0x0000000748400000| Untracked 
| 109|0x0000000748500000, 0x0000000748500000, 0x0000000748600000|  0%| F|  |TAMS 0x0000000748500000, 0x0000000748500000| Untracked 
| 110|0x0000000748600000, 0x0000000748600000, 0x0000000748700000|  0%| F|  |TAMS 0x0000000748600000, 0x0000000748600000| Untracked 
| 111|0x0000000748700000, 0x0000000748700000, 0x0000000748800000|  0%| F|  |TAMS 0x0000000748700000, 0x0000000748700000| Untracked 
| 112|0x0000000748800000, 0x0000000748800000, 0x0000000748900000|  0%| F|  |TAMS 0x0000000748800000, 0x0000000748800000| Untracked 
| 113|0x0000000748900000, 0x0000000748900000, 0x0000000748a00000|  0%| F|  |TAMS 0x0000000748900000, 0x0000000748900000| Untracked 
| 114|0x0000000748a00000, 0x0000000748a00000, 0x0000000748b00000|  0%| F|  |TAMS 0x0000000748a00000, 0x0000000748a00000| Untracked 
| 115|0x0000000748b00000, 0x0000000748b00000, 0x0000000748c00000|  0%| F|  |TAMS 0x0000000748b00000, 0x0000000748b00000| Untracked 
| 116|0x0000000748c00000, 0x0000000748c00000, 0x0000000748d00000|  0%| F|  |TAMS 0x0000000748c00000, 0x0000000748c00000| Untracked 
| 117|0x0000000748d00000, 0x0000000748d00000, 0x0000000748e00000|  0%| F|  |TAMS 0x0000000748d00000, 0x0000000748d00000| Untracked 
| 118|0x0000000748e00000, 0x0000000748e00000, 0x0000000748f00000|  0%| F|  |TAMS 0x0000000748e00000, 0x0000000748e00000| Untracked 
| 119|0x0000000748f00000, 0x0000000748f00000, 0x0000000749000000|  0%| F|  |TAMS 0x0000000748f00000, 0x0000000748f00000| Untracked 
| 120|0x0000000749000000, 0x0000000749000000, 0x0000000749100000|  0%| F|  |TAMS 0x0000000749000000, 0x0000000749000000| Untracked 
| 121|0x0000000749100000, 0x0000000749100000, 0x0000000749200000|  0%| F|  |TAMS 0x0000000749100000, 0x0000000749100000| Untracked 
| 122|0x0000000749200000, 0x0000000749200000, 0x0000000749300000|  0%| F|  |TAMS 0x0000000749200000, 0x0000000749200000| Untracked 
| 123|0x0000000749300000, 0x0000000749300000, 0x0000000749400000|  0%| F|  |TAMS 0x0000000749300000, 0x0000000749300000| Untracked 
| 124|0x0000000749400000, 0x0000000749400000, 0x0000000749500000|  0%| F|  |TAMS 0x0000000749400000, 0x0000000749400000| Untracked 
| 125|0x0000000749500000, 0x0000000749500000, 0x0000000749600000|  0%| F|  |TAMS 0x0000000749500000, 0x0000000749500000| Untracked 
| 126|0x0000000749600000, 0x0000000749600000, 0x0000000749700000|  0%| F|  |TAMS 0x0000000749600000, 0x0000000749600000| Untracked 
| 127|0x0000000749700000, 0x0000000749700000, 0x0000000749800000|  0%| F|  |TAMS 0x0000000749700000, 0x0000000749700000| Untracked 
| 128|0x0000000749800000, 0x0000000749800000, 0x0000000749900000|  0%| F|  |TAMS 0x0000000749800000, 0x0000000749800000| Untracked 
| 129|0x0000000749900000, 0x0000000749900000, 0x0000000749a00000|  0%| F|  |TAMS 0x0000000749900000, 0x0000000749900000| Untracked 
| 130|0x0000000749a00000, 0x0000000749a00000, 0x0000000749b00000|  0%| F|  |TAMS 0x0000000749a00000, 0x0000000749a00000| Untracked 
| 131|0x0000000749b00000, 0x0000000749c00000, 0x0000000749c00000|100%| S|CS|TAMS 0x0000000749b00000, 0x0000000749b00000| Complete 
| 132|0x0000000749c00000, 0x0000000749d00000, 0x0000000749d00000|100%| S|CS|TAMS 0x0000000749c00000, 0x0000000749c00000| Complete 
| 133|0x0000000749d00000, 0x0000000749e00000, 0x0000000749e00000|100%| S|CS|TAMS 0x0000000749d00000, 0x0000000749d00000| Complete 
| 134|0x0000000749e00000, 0x0000000749f00000, 0x0000000749f00000|100%| S|CS|TAMS 0x0000000749e00000, 0x0000000749e00000| Complete 
| 135|0x0000000749f00000, 0x000000074a000000, 0x000000074a000000|100%| S|CS|TAMS 0x0000000749f00000, 0x0000000749f00000| Complete 
| 136|0x000000074a000000, 0x000000074a100000, 0x000000074a100000|100%| S|CS|TAMS 0x000000074a000000, 0x000000074a000000| Complete 
| 137|0x000000074a100000, 0x000000074a100000, 0x000000074a200000|  0%| F|  |TAMS 0x000000074a100000, 0x000000074a100000| Untracked 
| 138|0x000000074a200000, 0x000000074a200000, 0x000000074a300000|  0%| F|  |TAMS 0x000000074a200000, 0x000000074a200000| Untracked 
| 139|0x000000074a300000, 0x000000074a300000, 0x000000074a400000|  0%| F|  |TAMS 0x000000074a300000, 0x000000074a300000| Untracked 
| 140|0x000000074a400000, 0x000000074a400000, 0x000000074a500000|  0%| F|  |TAMS 0x000000074a400000, 0x000000074a400000| Untracked 
| 141|0x000000074a500000, 0x000000074a500000, 0x000000074a600000|  0%| F|  |TAMS 0x000000074a500000, 0x000000074a500000| Untracked 
| 142|0x000000074a600000, 0x000000074a600000, 0x000000074a700000|  0%| F|  |TAMS 0x000000074a600000, 0x000000074a600000| Untracked 
| 143|0x000000074a700000, 0x000000074a700000, 0x000000074a800000|  0%| F|  |TAMS 0x000000074a700000, 0x000000074a700000| Untracked 
| 144|0x000000074a800000, 0x000000074a800000, 0x000000074a900000|  0%| F|  |TAMS 0x000000074a800000, 0x000000074a800000| Untracked 
| 145|0x000000074a900000, 0x000000074a900000, 0x000000074aa00000|  0%| F|  |TAMS 0x000000074a900000, 0x000000074a900000| Untracked 
| 146|0x000000074aa00000, 0x000000074aa00000, 0x000000074ab00000|  0%| F|  |TAMS 0x000000074aa00000, 0x000000074aa00000| Untracked 
| 147|0x000000074ab00000, 0x000000074ab00000, 0x000000074ac00000|  0%| F|  |TAMS 0x000000074ab00000, 0x000000074ab00000| Untracked 
| 148|0x000000074ac00000, 0x000000074ac00000, 0x000000074ad00000|  0%| F|  |TAMS 0x000000074ac00000, 0x000000074ac00000| Untracked 
| 149|0x000000074ad00000, 0x000000074ad00000, 0x000000074ae00000|  0%| F|  |TAMS 0x000000074ad00000, 0x000000074ad00000| Untracked 
| 150|0x000000074ae00000, 0x000000074ae00000, 0x000000074af00000|  0%| F|  |TAMS 0x000000074ae00000, 0x000000074ae00000| Untracked 
| 151|0x000000074af00000, 0x000000074af00000, 0x000000074b000000|  0%| F|  |TAMS 0x000000074af00000, 0x000000074af00000| Untracked 
| 152|0x000000074b000000, 0x000000074b000000, 0x000000074b100000|  0%| F|  |TAMS 0x000000074b000000, 0x000000074b000000| Untracked 
| 153|0x000000074b100000, 0x000000074b100000, 0x000000074b200000|  0%| F|  |TAMS 0x000000074b100000, 0x000000074b100000| Untracked 
| 154|0x000000074b200000, 0x000000074b200000, 0x000000074b300000|  0%| F|  |TAMS 0x000000074b200000, 0x000000074b200000| Untracked 
| 155|0x000000074b300000, 0x000000074b300000, 0x000000074b400000|  0%| F|  |TAMS 0x000000074b300000, 0x000000074b300000| Untracked 
| 156|0x000000074b400000, 0x000000074b400000, 0x000000074b500000|  0%| F|  |TAMS 0x000000074b400000, 0x000000074b400000| Untracked 
| 157|0x000000074b500000, 0x000000074b500000, 0x000000074b600000|  0%| F|  |TAMS 0x000000074b500000, 0x000000074b500000| Untracked 
| 158|0x000000074b600000, 0x000000074b600000, 0x000000074b700000|  0%| F|  |TAMS 0x000000074b600000, 0x000000074b600000| Untracked 
| 159|0x000000074b700000, 0x000000074b700000, 0x000000074b800000|  0%| F|  |TAMS 0x000000074b700000, 0x000000074b700000| Untracked 
| 160|0x000000074b800000, 0x000000074b800000, 0x000000074b900000|  0%| F|  |TAMS 0x000000074b800000, 0x000000074b800000| Untracked 
| 161|0x000000074b900000, 0x000000074b900000, 0x000000074ba00000|  0%| F|  |TAMS 0x000000074b900000, 0x000000074b900000| Untracked 
| 162|0x000000074ba00000, 0x000000074ba00000, 0x000000074bb00000|  0%| F|  |TAMS 0x000000074ba00000, 0x000000074ba00000| Untracked 
| 163|0x000000074bb00000, 0x000000074bb00000, 0x000000074bc00000|  0%| F|  |TAMS 0x000000074bb00000, 0x000000074bb00000| Untracked 
| 164|0x000000074bc00000, 0x000000074bc00000, 0x000000074bd00000|  0%| F|  |TAMS 0x000000074bc00000, 0x000000074bc00000| Untracked 
| 165|0x000000074bd00000, 0x000000074bd00000, 0x000000074be00000|  0%| F|  |TAMS 0x000000074bd00000, 0x000000074bd00000| Untracked 
| 166|0x000000074be00000, 0x000000074be00000, 0x000000074bf00000|  0%| F|  |TAMS 0x000000074be00000, 0x000000074be00000| Untracked 
| 167|0x000000074bf00000, 0x000000074bf00000, 0x000000074c000000|  0%| F|  |TAMS 0x000000074bf00000, 0x000000074bf00000| Untracked 
| 168|0x000000074c000000, 0x000000074c000000, 0x000000074c100000|  0%| F|  |TAMS 0x000000074c000000, 0x000000074c000000| Untracked 
| 169|0x000000074c100000, 0x000000074c100000, 0x000000074c200000|  0%| F|  |TAMS 0x000000074c100000, 0x000000074c100000| Untracked 
| 170|0x000000074c200000, 0x000000074c200000, 0x000000074c300000|  0%| F|  |TAMS 0x000000074c200000, 0x000000074c200000| Untracked 
| 171|0x000000074c300000, 0x000000074c300000, 0x000000074c400000|  0%| F|  |TAMS 0x000000074c300000, 0x000000074c300000| Untracked 
| 172|0x000000074c400000, 0x000000074c400000, 0x000000074c500000|  0%| F|  |TAMS 0x000000074c400000, 0x000000074c400000| Untracked 
| 173|0x000000074c500000, 0x000000074c500000, 0x000000074c600000|  0%| F|  |TAMS 0x000000074c500000, 0x000000074c500000| Untracked 
| 174|0x000000074c600000, 0x000000074c600000, 0x000000074c700000|  0%| F|  |TAMS 0x000000074c600000, 0x000000074c600000| Untracked 
| 175|0x000000074c700000, 0x000000074c700000, 0x000000074c800000|  0%| F|  |TAMS 0x000000074c700000, 0x000000074c700000| Untracked 
| 176|0x000000074c800000, 0x000000074c800000, 0x000000074c900000|  0%| F|  |TAMS 0x000000074c800000, 0x000000074c800000| Untracked 
| 177|0x000000074c900000, 0x000000074c900000, 0x000000074ca00000|  0%| F|  |TAMS 0x000000074c900000, 0x000000074c900000| Untracked 
| 178|0x000000074ca00000, 0x000000074ca00000, 0x000000074cb00000|  0%| F|  |TAMS 0x000000074ca00000, 0x000000074ca00000| Untracked 
| 179|0x000000074cb00000, 0x000000074cb00000, 0x000000074cc00000|  0%| F|  |TAMS 0x000000074cb00000, 0x000000074cb00000| Untracked 
| 180|0x000000074cc00000, 0x000000074cc00000, 0x000000074cd00000|  0%| F|  |TAMS 0x000000074cc00000, 0x000000074cc00000| Untracked 
| 181|0x000000074cd00000, 0x000000074cd00000, 0x000000074ce00000|  0%| F|  |TAMS 0x000000074cd00000, 0x000000074cd00000| Untracked 
| 182|0x000000074ce00000, 0x000000074ce00000, 0x000000074cf00000|  0%| F|  |TAMS 0x000000074ce00000, 0x000000074ce00000| Untracked 
| 183|0x000000074cf00000, 0x000000074cf00000, 0x000000074d000000|  0%| F|  |TAMS 0x000000074cf00000, 0x000000074cf00000| Untracked 
| 184|0x000000074d000000, 0x000000074d000000, 0x000000074d100000|  0%| F|  |TAMS 0x000000074d000000, 0x000000074d000000| Untracked 
| 185|0x000000074d100000, 0x000000074d100000, 0x000000074d200000|  0%| F|  |TAMS 0x000000074d100000, 0x000000074d100000| Untracked 
| 186|0x000000074d200000, 0x000000074d200000, 0x000000074d300000|  0%| F|  |TAMS 0x000000074d200000, 0x000000074d200000| Untracked 
| 187|0x000000074d300000, 0x000000074d300000, 0x000000074d400000|  0%| F|  |TAMS 0x000000074d300000, 0x000000074d300000| Untracked 
| 188|0x000000074d400000, 0x000000074d400000, 0x000000074d500000|  0%| F|  |TAMS 0x000000074d400000, 0x000000074d400000| Untracked 
| 189|0x000000074d500000, 0x000000074d500000, 0x000000074d600000|  0%| F|  |TAMS 0x000000074d500000, 0x000000074d500000| Untracked 
| 190|0x000000074d600000, 0x000000074d600000, 0x000000074d700000|  0%| F|  |TAMS 0x000000074d600000, 0x000000074d600000| Untracked 
| 191|0x000000074d700000, 0x000000074d700000, 0x000000074d800000|  0%| F|  |TAMS 0x000000074d700000, 0x000000074d700000| Untracked 

Card table byte_map: [0x000001ecf9ba0000,0x000001ecfa1a0000] _byte_map_base: 0x000001ecf6194000

Marking Bits (Prev, Next): (CMBitMap*) 0x000001ece6b265a8, (CMBitMap*) 0x000001ece6b265e0
 Prev Bits: [0x000001ecfa7a0000, 0x000001ecfd740000)
 Next Bits: [0x000001ec80000000, 0x000001ec82fa0000)

Polling page: 0x000001ece6290000

Metaspace:

Usage:
  Non-class:     46.66 MB capacity,    46.26 MB (>99%) used,   319.37 KB ( <1%) free+waste,    90.00 KB ( <1%) overhead. 
      Class:      6.49 MB capacity,     6.22 MB ( 96%) used,   240.13 KB (  4%) free+waste,    41.69 KB ( <1%) overhead. 
       Both:     53.15 MB capacity,    52.48 MB ( 99%) used,   559.49 KB (  1%) free+waste,   131.69 KB ( <1%) overhead. 

Virtual space:
  Non-class space:       58.00 MB reserved,      46.67 MB ( 80%) committed 
      Class space:        1.00 GB reserved,       6.50 MB ( <1%) committed 
             Both:        1.06 GB reserved,      53.17 MB (  5%) committed 

Chunk freelists:
   Non-Class:  9.00 KB
       Class:  10.00 KB
        Both:  19.00 KB

MaxMetaspaceSize: 17179869184.00 GB
CompressedClassSpaceSize: 1.00 GB

CodeHeap 'non-profiled nmethods': size=120064Kb used=2245Kb max_used=2245Kb free=117818Kb
 bounds [0x000001ecf2060000, 0x000001ecf22d0000, 0x000001ecf95a0000]
CodeHeap 'profiled nmethods': size=120000Kb used=11210Kb max_used=11210Kb free=108789Kb
 bounds [0x000001eceab30000, 0x000001eceb630000, 0x000001ecf2060000]
CodeHeap 'non-nmethods': size=5696Kb used=1210Kb max_used=1246Kb free=4485Kb
 bounds [0x000001ecea5a0000, 0x000001ecea810000, 0x000001eceab30000]
 total_blobs=5445 nmethods=4880 adapters=474
 compilation: enabled
              stopped_count=0, restarted_count=0
 full_count=0

Compilation events (20 events):
Event: 9.618 Thread 0x000001ec8384a000 4834       3       org.jetbrains.kotlin.com.intellij.pom.java.LanguageLevel::isAtLeast (22 bytes)
Event: 9.619 Thread 0x000001ec8384a000 nmethod 4834 0x000001eceb5d5710 code [0x000001eceb5d58e0, 0x000001eceb5d5ad8]
Event: 9.619 Thread 0x000001ec8384a000 4835       3       org.jetbrains.kotlin.com.intellij.lang.java.parser.JavaParserUtil::getLanguageLevel (42 bytes)
Event: 9.619 Thread 0x000001ec8384a000 nmethod 4835 0x000001eceb5d5b90 code [0x000001eceb5d5d60, 0x000001eceb5d6098]
Event: 9.619 Thread 0x000001ec8384a000 4836       3       org.jetbrains.kotlin.com.intellij.lang.impl.PsiBuilderImpl::getUserData (29 bytes)
Event: 9.619 Thread 0x000001ec8384a000 nmethod 4836 0x000001eceb5d6190 code [0x000001eceb5d6360, 0x000001eceb5d6578]
Event: 9.619 Thread 0x000001ec8384a000 4837       3       org.jetbrains.kotlin.com.intellij.openapi.util.UnprotectedUserDataHolder::getUserData (57 bytes)
Event: 9.620 Thread 0x000001ec8384a000 nmethod 4837 0x000001eceb5d6690 code [0x000001eceb5d68a0, 0x000001eceb5d6f58]
Event: 9.620 Thread 0x000001ec8384a000 4838       3       org.jetbrains.kotlin.com.intellij.lang.impl.PsiBuilderAdapter::getUserData (20 bytes)
Event: 9.620 Thread 0x000001ec8384a000 nmethod 4838 0x000001eceb5d7110 code [0x000001eceb5d72e0, 0x000001eceb5d7518]
Event: 9.620 Thread 0x000001ec8384a000 4839       3       org.jetbrains.kotlin.com.intellij.util.BitUtil::assertOneBitMask (47 bytes)
Event: 9.620 Thread 0x000001ec8384a000 nmethod 4839 0x000001eceb5d7610 code [0x000001eceb5d77c0, 0x000001eceb5d78b8]
Event: 9.621 Thread 0x000001ec8384a000 4841       3       org.jetbrains.kotlin.com.intellij.psi.impl.source.tree.JavaElementType$$Lambda$196/0x00000008005de440::get (4 bytes)
Event: 9.621 Thread 0x000001ec8384a000 nmethod 4841 0x000001eceb5d7990 code [0x000001eceb5d7b80, 0x000001eceb5d8038]
Event: 9.621 Thread 0x000001ec8384a000 4842       3       org.jetbrains.kotlin.com.intellij.psi.impl.source.tree.JavaElementType::lambda$static$4 (8 bytes)
Event: 9.622 Thread 0x000001ec8384a000 nmethod 4842 0x000001eceb5d8210 code [0x000001eceb5d8420, 0x000001eceb5d8ac8]
Event: 9.622 Thread 0x000001ec8384a000 4843       3       org.jetbrains.kotlin.com.intellij.psi.impl.source.tree.JavaElementType$$Lambda$195/0x00000008005de040::get (4 bytes)
Event: 9.622 Thread 0x000001ec8384a000 nmethod 4843 0x000001eceb5d8c90 code [0x000001eceb5d8e80, 0x000001eceb5d92b8]
Event: 9.623 Thread 0x000001ec8384a000 4844       3       org.jetbrains.kotlin.com.intellij.extapi.psi.StubBasedPsiElementBase::getStubOrPsiChild (64 bytes)
Event: 9.624 Thread 0x000001ec8384a000 nmethod 4844 0x000001eceb5d9490 code [0x000001eceb5d9700, 0x000001eceb5da178]

GC Heap History (10 events):
Event: 0.680 GC heap before
{Heap before GC invocations=0 (full 0):
 garbage-first heap   total 196608K, used 17408K [0x0000000741800000, 0x0000000800000000)
  region size 1024K, 14 young (14336K), 0 survivors (0K)
 Metaspace       used 9797K, capacity 9935K, committed 10112K, reserved 1058816K
  class space    used 839K, capacity 884K, committed 896K, reserved 1048576K
}
Event: 0.684 GC heap after
{Heap after GC invocations=1 (full 0):
 garbage-first heap   total 196608K, used 5213K [0x0000000741800000, 0x0000000800000000)
  region size 1024K, 2 young (2048K), 2 survivors (2048K)
 Metaspace       used 9797K, capacity 9935K, committed 10112K, reserved 1058816K
  class space    used 839K, capacity 884K, committed 896K, reserved 1048576K
}
Event: 2.241 GC heap before
{Heap before GC invocations=1 (full 0):
 garbage-first heap   total 196608K, used 50269K [0x0000000741800000, 0x0000000800000000)
  region size 1024K, 47 young (48128K), 2 survivors (2048K)
 Metaspace       used 20896K, capacity 21174K, committed 21296K, reserved 1069056K
  class space    used 2262K, capacity 2379K, committed 2432K, reserved 1048576K
}
Event: 2.255 GC heap after
{Heap after GC invocations=2 (full 0):
 garbage-first heap   total 196608K, used 9217K [0x0000000741800000, 0x0000000800000000)
  region size 1024K, 6 young (6144K), 6 survivors (6144K)
 Metaspace       used 20896K, capacity 21174K, committed 21296K, reserved 1069056K
  class space    used 2262K, capacity 2379K, committed 2432K, reserved 1048576K
}
Event: 4.850 GC heap before
{Heap before GC invocations=3 (full 0):
 garbage-first heap   total 196608K, used 61441K [0x0000000741800000, 0x0000000800000000)
  region size 1024K, 53 young (54272K), 6 survivors (6144K)
 Metaspace       used 31907K, capacity 32443K, committed 32560K, reserved 1077248K
  class space    used 3985K, capacity 4195K, committed 4224K, reserved 1048576K
}
Event: 4.874 GC heap after
{Heap after GC invocations=4 (full 0):
 garbage-first heap   total 196608K, used 21083K [0x0000000741800000, 0x0000000800000000)
  region size 1024K, 7 young (7168K), 7 survivors (7168K)
 Metaspace       used 31907K, capacity 32443K, committed 32560K, reserved 1077248K
  class space    used 3985K, capacity 4195K, committed 4224K, reserved 1048576K
}
Event: 5.235 GC heap before
{Heap before GC invocations=4 (full 0):
 garbage-first heap   total 196608K, used 35419K [0x0000000741800000, 0x0000000800000000)
  region size 1024K, 22 young (22528K), 7 survivors (7168K)
 Metaspace       used 35230K, capacity 35723K, committed 35920K, reserved 1081344K
  class space    used 4399K, capacity 4585K, committed 4608K, reserved 1048576K
}
Event: 5.245 GC heap after
{Heap after GC invocations=5 (full 0):
 garbage-first heap   total 196608K, used 22334K [0x0000000741800000, 0x0000000800000000)
  region size 1024K, 8 young (8192K), 8 survivors (8192K)
 Metaspace       used 35230K, capacity 35723K, committed 35920K, reserved 1081344K
  class space    used 4399K, capacity 4585K, committed 4608K, reserved 1048576K
}
Event: 7.581 GC heap before
{Heap before GC invocations=6 (full 0):
 garbage-first heap   total 196608K, used 88894K [0x0000000741800000, 0x0000000800000000)
  region size 1024K, 70 young (71680K), 8 survivors (8192K)
 Metaspace       used 48225K, capacity 48928K, committed 49200K, reserved 1093632K
  class space    used 5726K, capacity 5987K, committed 6016K, reserved 1048576K
}
Event: 7.603 GC heap after
{Heap after GC invocations=7 (full 0):
 garbage-first heap   total 196608K, used 27546K [0x0000000741800000, 0x0000000800000000)
  region size 1024K, 7 young (7168K), 7 survivors (7168K)
 Metaspace       used 48225K, capacity 48928K, committed 49200K, reserved 1093632K
  class space    used 5726K, capacity 5987K, committed 6016K, reserved 1048576K
}

Deoptimization events (20 events):
Event: 9.543 Thread 0x000001ece6ad3800 Uncommon trap: trap_request=0xffffffde fr.pc=0x000001ecf21b6a88 relative=0x00000000000003a8
Event: 9.543 Thread 0x000001ece6ad3800 Uncommon trap: reason=class_check action=maybe_recompile pc=0x000001ecf21b6a88 method=org.jetbrains.kotlin.com.intellij.psi.impl.source.tree.CompositeElement.getPsi()Lorg/jetbrains/kotlin/com/intellij/psi/PsiElement; @ 15 c2
Event: 9.543 Thread 0x000001ece6ad3800 DEOPT PACKING pc=0x000001ecf21b6a88 sp=0x000000899fffd0e0
Event: 9.543 Thread 0x000001ece6ad3800 DEOPT UNPACKING pc=0x000001ecea5c7aaf sp=0x000000899fffd0b8 mode 2
Event: 9.597 Thread 0x000001ece6ad3800 Uncommon trap: trap_request=0xffffffde fr.pc=0x000001ecf21a2778 relative=0x0000000000000618
Event: 9.597 Thread 0x000001ece6ad3800 Uncommon trap: reason=class_check action=maybe_recompile pc=0x000001ecf21a2778 method=org.jetbrains.kotlin.com.intellij.lang.impl.PsiBuilderImpl.skipWhitespace()V @ 72 c2
Event: 9.597 Thread 0x000001ece6ad3800 DEOPT PACKING pc=0x000001ecf21a2778 sp=0x000000899fffc920
Event: 9.597 Thread 0x000001ece6ad3800 DEOPT UNPACKING pc=0x000001ecea5c7aaf sp=0x000000899fffc7d8 mode 2
Event: 9.599 Thread 0x000001ece6ad3800 Uncommon trap: trap_request=0xffffffde fr.pc=0x000001ecf21de410 relative=0x0000000000000430
Event: 9.599 Thread 0x000001ece6ad3800 Uncommon trap: reason=class_check action=maybe_recompile pc=0x000001ecf21de410 method=org.jetbrains.kotlin.com.intellij.psi.impl.source.tree.SharedImplUtil.findFileElement(Lorg/jetbrains/kotlin/com/intellij/lang/ASTNode;)Lorg/jetbrains/kotlin/com/intellij
Event: 9.599 Thread 0x000001ece6ad3800 DEOPT PACKING pc=0x000001ecf21de410 sp=0x000000899fffc940
Event: 9.599 Thread 0x000001ece6ad3800 DEOPT UNPACKING pc=0x000001ecea5c7aaf sp=0x000000899fffc7a8 mode 2
Event: 9.600 Thread 0x000001ece6ad3800 Uncommon trap: trap_request=0xffffffde fr.pc=0x000001ecf21b6a88 relative=0x00000000000003a8
Event: 9.600 Thread 0x000001ece6ad3800 Uncommon trap: reason=class_check action=maybe_recompile pc=0x000001ecf21b6a88 method=org.jetbrains.kotlin.com.intellij.psi.impl.source.tree.CompositeElement.getPsi()Lorg/jetbrains/kotlin/com/intellij/psi/PsiElement; @ 15 c2
Event: 9.600 Thread 0x000001ece6ad3800 DEOPT PACKING pc=0x000001ecf21b6a88 sp=0x000000899fffcfb0
Event: 9.600 Thread 0x000001ece6ad3800 DEOPT UNPACKING pc=0x000001ecea5c7aaf sp=0x000000899fffcf88 mode 2
Event: 9.619 Thread 0x000001ece6ad3800 Uncommon trap: trap_request=0xffffffde fr.pc=0x000001ecf21a2778 relative=0x0000000000000618
Event: 9.619 Thread 0x000001ece6ad3800 Uncommon trap: reason=class_check action=maybe_recompile pc=0x000001ecf21a2778 method=org.jetbrains.kotlin.com.intellij.lang.impl.PsiBuilderImpl.skipWhitespace()V @ 72 c2
Event: 9.619 Thread 0x000001ece6ad3800 DEOPT PACKING pc=0x000001ecf21a2778 sp=0x000000899fffc920
Event: 9.619 Thread 0x000001ece6ad3800 DEOPT UNPACKING pc=0x000001ecea5c7aaf sp=0x000000899fffc7d8 mode 2

Classes redefined (0 events):
No events

Internal exceptions (20 events):
Event: 2.365 Thread 0x000001ece6ad3800 Exception <a 'java/lang/NoSuchMethodError'{0x000000074d100148}: 'int java.lang.invoke.DirectMethodHandle$Holder.invokeStaticInit(java.lang.Object, java.lang.Object, java.lang.Object)'> (0x000000074d100148) thrown at [./src/hotspot/share/interpreter/linkResolver.cpp, line 773]
Event: 2.372 Thread 0x000001ece6ad3800 Exception <a 'java/lang/NoSuchMethodError'{0x000000074d12afc8}: 'int java.lang.invoke.DirectMethodHandle$Holder.invokeStaticInit(java.lang.Object, java.lang.Object)'> (0x000000074d12afc8) thrown at [./src/hotspot/share/interpreter/linkResolver.cpp, line 773]
Event: 2.432 Thread 0x000001ece6ad3800 Exception <a 'java/lang/NoSuchMethodError'{0x000000074cf39910}: 'void java.lang.invoke.DirectMethodHandle$Holder.invokeSpecial(java.lang.Object, java.lang.Object)'> (0x000000074cf39910) thrown at [./src/hotspot/share/interpreter/linkResolver.cpp, line 773]
Event: 2.693 Thread 0x000001ece6ad3800 Exception <a 'java/lang/NoSuchMethodError'{0x000000074c75f998}: 'java.lang.Object java.lang.invoke.DirectMethodHandle$Holder.invokeStatic(java.lang.Object, java.lang.Object, java.lang.Object, java.lang.Object, java.lang.Object, java.lang.Object, java.lang.Object, java.lang.Object, java.lang.Object, java.lang.Object, java.lang.Object, java.lang.Object, java.lang.Object, java.lang.Object, java.lang.Object)'> (0x000000074c75f998) thrown at [./src/hotspot/share/interpreter/linkResolver.cpp, line 773]
Event: 2.705 Thread 0x000001ece6ad3800 Exception <a 'java/lang/NoSuchMethodError'{0x000000074c76d9a0}: 'java.lang.Object java.lang.invoke.DirectMethodHandle$Holder.invokeStatic(java.lang.Object, java.lang.Object, java.lang.Object, java.lang.Object, java.lang.Object, java.lang.Object, java.lang.Object, java.lang.Object, java.lang.Object, java.lang.Object, java.lang.Object, java.lang.Object, java.lang.Object, java.lang.Object, java.lang.Object, java.lang.Object)'> (0x000000074c76d9a0) thrown at [./src/hotspot/share/interpreter/linkResolver.cpp, l
Event: 2.708 Thread 0x000001ece6ad3800 Exception <a 'java/lang/NoSuchMethodError'{0x000000074c77b8b8}: 'java.lang.Object java.lang.invoke.DirectMethodHandle$Holder.invokeSpecial(java.lang.Object, java.lang.Object, int, int, java.lang.Object, java.lang.Object, java.lang.Object)'> (0x000000074c77b8b8) thrown at [./src/hotspot/share/interpreter/linkResolver.cpp, line 773]
Event: 2.709 Thread 0x000001ece6ad3800 Exception <a 'java/lang/NoSuchMethodError'{0x000000074c77f0f0}: 'java.lang.Object java.lang.invoke.DelegatingMethodHandle$Holder.reinvoke_L(java.lang.Object, int, int, java.lang.Object, java.lang.Object, java.lang.Object)'> (0x000000074c77f0f0) thrown at [./src/hotspot/share/interpreter/linkResolver.cpp, line 773]
Event: 2.710 Thread 0x000001ece6ad3800 Exception <a 'java/lang/NoSuchMethodError'{0x000000074c783798}: 'java.lang.Object java.lang.invoke.DirectMethodHandle$Holder.invokeStatic(java.lang.Object, java.lang.Object, java.lang.Object, java.lang.Object, int)'> (0x000000074c783798) thrown at [./src/hotspot/share/interpreter/linkResolver.cpp, line 773]
Event: 2.853 Thread 0x000001ece6ad3800 Exception <a 'java/lang/NoSuchMethodError'{0x000000074c6a8b68}: 'void java.lang.invoke.DirectMethodHandle$Holder.invokeStatic(java.lang.Object, java.lang.Object, java.lang.Object, java.lang.Object)'> (0x000000074c6a8b68) thrown at [./src/hotspot/share/interpreter/linkResolver.cpp, line 773]
Event: 3.072 Thread 0x000001ece6ad3800 Exception <a 'java/lang/NoSuchMethodError'{0x000000074c280c00}: 'void java.lang.invoke.DirectMethodHandle$Holder.invokeStaticInit(java.lang.Object, java.lang.Object)'> (0x000000074c280c00) thrown at [./src/hotspot/share/interpreter/linkResolver.cpp, line 773]
Event: 3.278 Thread 0x000001ece6ad3800 Exception <a 'java/lang/NoSuchMethodError'{0x000000074bd19f08}: 'void java.lang.invoke.DirectMethodHandle$Holder.invokeVirtual(java.lang.Object, java.lang.Object)'> (0x000000074bd19f08) thrown at [./src/hotspot/share/interpreter/linkResolver.cpp, line 773]
Event: 3.293 Thread 0x000001ece6ad3800 Exception <a 'java/lang/NoSuchMethodError'{0x000000074bd96ad0}: 'int java.lang.invoke.DirectMethodHandle$Holder.invokeVirtual(java.lang.Object, java.lang.Object)'> (0x000000074bd96ad0) thrown at [./src/hotspot/share/interpreter/linkResolver.cpp, line 773]
Event: 5.230 Thread 0x000001ece6ad3800 Exception <a 'java/lang/NoSuchMethodError'{0x000000074c924478}: 'java.lang.Object java.lang.invoke.DirectMethodHandle$Holder.invokeVirtual(java.lang.Object, java.lang.Object, java.lang.Object)'> (0x000000074c924478) thrown at [./src/hotspot/share/interpreter/linkResolver.cpp, line 773]
Event: 6.166 Thread 0x000001ece6ad3800 Exception <a 'java/lang/NoSuchMethodError'{0x000000074a5343d8}: 'java.lang.Object java.lang.invoke.Invokers$Holder.linkToTargetMethod(java.lang.Object, int, java.lang.Object)'> (0x000000074a5343d8) thrown at [./src/hotspot/share/interpreter/linkResolver.cpp, line 773]
Event: 7.369 Thread 0x000001ece6ad3800 Exception <a 'java/lang/NoSuchMethodError'{0x00000007495076c0}: 'java.lang.Object java.lang.invoke.DirectMethodHandle$Holder.invokeStatic(java.lang.Object, java.lang.Object, java.lang.Object, int)'> (0x00000007495076c0) thrown at [./src/hotspot/share/interpreter/linkResolver.cpp, line 773]
Event: 7.369 Thread 0x000001ece6ad3800 Exception <a 'java/lang/NoSuchMethodError'{0x000000074950b330}: 'java.lang.Object java.lang.invoke.DirectMethodHandle$Holder.invokeSpecial(java.lang.Object, java.lang.Object, java.lang.Object, java.lang.Object, int)'> (0x000000074950b330) thrown at [./src/hotspot/share/interpreter/linkResolver.cpp, line 773]
Event: 7.370 Thread 0x000001ece6ad3800 Exception <a 'java/lang/NoSuchMethodError'{0x000000074950e640}: 'java.lang.Object java.lang.invoke.Invokers$Holder.linkToTargetMethod(java.lang.Object, java.lang.Object, int, java.lang.Object)'> (0x000000074950e640) thrown at [./src/hotspot/share/interpreter/linkResolver.cpp, line 773]
Event: 7.478 Thread 0x000001ece6ad3800 Exception <a 'java/lang/NoSuchMethodError'{0x0000000749336970}: 'java.lang.Object java.lang.invoke.DirectMethodHandle$Holder.invokeSpecial(java.lang.Object, java.lang.Object, java.lang.Object, java.lang.Object, java.lang.Object, java.lang.Object, java.lang.Object, java.lang.Object, java.lang.Object)'> (0x0000000749336970) thrown at [./src/hotspot/share/interpreter/linkResolver.cpp, line 773]
Event: 7.478 Thread 0x000001ece6ad3800 Exception <a 'java/lang/NoSuchMethodError'{0x000000074933ab68}: 'java.lang.Object java.lang.invoke.Invokers$Holder.linkToTargetMethod(java.lang.Object, java.lang.Object, java.lang.Object, java.lang.Object, java.lang.Object, java.lang.Object, java.lang.Object, java.lang.Object)'> (0x000000074933ab68) thrown at [./src/hotspot/share/interpreter/linkResolver.cpp, line 773]
Event: 9.461 Thread 0x000001ece6ad3800 Implicit null exception at 0x000001ecf223805c to 0x000001ecf22385e8

Events (20 events):
Event: 9.545 loading class org/jetbrains/kotlin/com/intellij/util/containers/ConcurrentWeakKeyWeakValueHashMap
Event: 9.545 loading class org/jetbrains/kotlin/com/intellij/util/containers/ConcurrentWeakKeyWeakValueHashMap done
Event: 9.546 loading class org/jetbrains/kotlin/com/intellij/openapi/util/Ref
Event: 9.546 loading class org/jetbrains/kotlin/com/intellij/openapi/util/Ref done
Event: 9.546 loading class org/jetbrains/kotlin/com/intellij/psi/augment/PsiAugmentProvider
Event: 9.546 loading class org/jetbrains/kotlin/com/intellij/psi/augment/PsiAugmentProvider done
Event: 9.546 loading class org/jetbrains/kotlin/com/intellij/openapi/util/Ref
Event: 9.546 loading class org/jetbrains/kotlin/com/intellij/openapi/util/Ref done
Event: 9.547 loading class java/util/ComparableTimSort
Event: 9.547 loading class java/util/ComparableTimSort done
Event: 9.547 loading class org/jetbrains/kotlin/com/intellij/util/containers/ConcurrentWeakKeyWeakValueHashMap$WeakValue
Event: 9.547 loading class org/jetbrains/kotlin/com/intellij/util/containers/ConcurrentWeakKeyWeakValueHashMap$WeakValue done
Event: 9.548 loading class org/jetbrains/kotlin/com/intellij/psi/PsiClassLevelDeclarationStatement
Event: 9.548 loading class org/jetbrains/kotlin/com/intellij/psi/PsiClassLevelDeclarationStatement done
Event: 9.554 loading class org/jetbrains/kotlin/types/StarProjectionImpl
Event: 9.554 loading class org/jetbrains/kotlin/types/StarProjectionImpl done
Event: 9.555 loading class org/jetbrains/kotlin/types/StarProjectionImpl$_type$2
Event: 9.555 loading class org/jetbrains/kotlin/types/StarProjectionImpl$_type$2 done
Event: 9.555 loading class org/jetbrains/kotlin/resolve/calls/inference/CapturedTypeConstructorKt$createCapturedIfNeeded$1
Event: 9.555 loading class org/jetbrains/kotlin/resolve/calls/inference/CapturedTypeConstructorKt$createCapturedIfNeeded$1 done


Dynamic libraries:
0x00007ff746b70000 - 0x00007ff746b7a000 	C:\Program Files\Android\Android Studio\jre\bin\java.exe
0x00007ffcd20b0000 - 0x00007ffcd229d000 	C:\Windows\SYSTEM32\ntdll.dll
0x00007ffccf780000 - 0x00007ffccf834000 	C:\Windows\System32\KERNEL32.DLL
0x00007ffcceb10000 - 0x00007ffcceda4000 	C:\Windows\System32\KERNELBASE.dll
0x00007ffcce150000 - 0x00007ffcce24a000 	C:\Windows\System32\ucrtbase.dll
0x00007ffcb5040000 - 0x00007ffcb5057000 	C:\Program Files\Android\Android Studio\jre\bin\VCRUNTIME140.dll
0x00007ffcb40a0000 - 0x00007ffcb40b9000 	C:\Program Files\Android\Android Studio\jre\bin\jli.dll
0x00007ffccf5e0000 - 0x00007ffccf777000 	C:\Windows\System32\USER32.dll
0x00007ffccee80000 - 0x00007ffcceea0000 	C:\Windows\System32\win32u.dll
0x00007ffcc6010000 - 0x00007ffcc6289000 	C:\Windows\WinSxS\amd64_microsoft.windows.common-controls_6595b64144ccf1df_6.0.17763.2330_none_de70e4d2534b8792\COMCTL32.dll
0x00007ffcd0050000 - 0x00007ffcd0079000 	C:\Windows\System32\GDI32.dll
0x00007ffcd0ab0000 - 0x00007ffcd0b4e000 	C:\Windows\System32\msvcrt.dll
0x00007ffccf840000 - 0x00007ffccfb6d000 	C:\Windows\System32\combase.dll
0x00007ffcceea0000 - 0x00007ffccf03c000 	C:\Windows\System32\gdi32full.dll
0x00007ffccf4c0000 - 0x00007ffccf5df000 	C:\Windows\System32\RPCRT4.dll
0x00007ffccf240000 - 0x00007ffccf2e0000 	C:\Windows\System32\msvcp_win.dll
0x00007ffcce250000 - 0x00007ffcce2d2000 	C:\Windows\System32\bcryptPrimitives.dll
0x00007ffcd2050000 - 0x00007ffcd207e000 	C:\Windows\System32\IMM32.DLL
0x00007ffccdf40000 - 0x00007ffccdf72000 	C:\Windows\system32\nvinitx.dll
0x00007ffcd0a00000 - 0x00007ffcd0aa4000 	C:\Windows\System32\ADVAPI32.dll
0x00007ffcd0900000 - 0x00007ffcd099e000 	C:\Windows\System32\sechost.dll
0x00007ffccdf30000 - 0x00007ffccdf3a000 	C:\Windows\SYSTEM32\VERSION.dll
0x00007ffc9fb40000 - 0x00007ffc9fbdd000 	C:\Program Files\Android\Android Studio\jre\bin\msvcp140.dll
0x00007ffc7e290000 - 0x00007ffc7ed5f000 	C:\Program Files\Android\Android Studio\jre\bin\server\jvm.dll
0x00007ffcd0100000 - 0x00007ffcd0108000 	C:\Windows\System32\PSAPI.DLL
0x00007ffcbd450000 - 0x00007ffcbd459000 	C:\Windows\SYSTEM32\WSOCK32.dll
0x00007ffcd0080000 - 0x00007ffcd00ed000 	C:\Windows\System32\WS2_32.dll
0x00007ffccbc90000 - 0x00007ffccbcb4000 	C:\Windows\SYSTEM32\WINMM.dll
0x00007ffccbc10000 - 0x00007ffccbc3d000 	C:\Windows\SYSTEM32\WINMMBASE.dll
0x00007ffccedb0000 - 0x00007ffccedfa000 	C:\Windows\System32\cfgmgr32.dll
0x00007ffcce080000 - 0x00007ffcce091000 	C:\Windows\System32\kernel.appcore.dll
0x00007ffcb4f40000 - 0x00007ffcb4f51000 	C:\Program Files\Android\Android Studio\jre\bin\verify.dll
0x00007ffcbc570000 - 0x00007ffcbc75d000 	C:\Windows\SYSTEM32\DBGHELP.DLL
0x00007ffcbc2d0000 - 0x00007ffcbc2fa000 	C:\Windows\SYSTEM32\dbgcore.DLL
0x00007ffcabcd0000 - 0x00007ffcabcf9000 	C:\Program Files\Android\Android Studio\jre\bin\java.dll
0x00007ffcb6d00000 - 0x00007ffcb6d0b000 	C:\Program Files\Android\Android Studio\jre\bin\jimage.dll
0x00007ffcc3810000 - 0x00007ffcc3828000 	C:\Program Files\Android\Android Studio\jre\bin\zip.dll
0x00007ffcd0b50000 - 0x00007ffcd2049000 	C:\Windows\System32\SHELL32.dll
0x00007ffccf340000 - 0x00007ffccf3e8000 	C:\Windows\System32\shcore.dll
0x00007ffcce310000 - 0x00007ffccea5a000 	C:\Windows\System32\windows.storage.dll
0x00007ffcce0c0000 - 0x00007ffcce0e4000 	C:\Windows\System32\profapi.dll
0x00007ffcce0f0000 - 0x00007ffcce14d000 	C:\Windows\System32\powrprof.dll
0x00007ffcd09a0000 - 0x00007ffcd09f2000 	C:\Windows\System32\shlwapi.dll
0x00007ffccee60000 - 0x00007ffccee77000 	C:\Windows\System32\cryptsp.dll
0x00007ffcc3560000 - 0x00007ffcc357a000 	C:\Program Files\Android\Android Studio\jre\bin\net.dll
0x00007ffcc8bb0000 - 0x00007ffcc8ca1000 	C:\Windows\SYSTEM32\WINHTTP.dll
0x00007ffccd820000 - 0x00007ffccd887000 	C:\Windows\system32\mswsock.dll
0x00007ffcb7aa0000 - 0x00007ffcb7ab4000 	C:\Program Files\Android\Android Studio\jre\bin\nio.dll

dbghelp: loaded successfully - version: 4.0.5 - missing functions: none
symbol engine: initialized successfully - sym options: 0x614 - pdb path: .;C:\Program Files\Android\Android Studio\jre\bin;C:\Windows\SYSTEM32;C:\Windows\WinSxS\amd64_microsoft.windows.common-controls_6595b64144ccf1df_6.0.17763.2330_none_de70e4d2534b8792;C:\Program Files\Android\Android Studio\jre\bin\server

VM Arguments:
java_command: org.jetbrains.kotlin.cli.jvm.K2JVMCompiler @C:\Users\KevinHM\AndroidStudioProjects\QuotesMVVM-API-master\app\build\20211208_3479504230112888165.compiler.options
java_class_path (initial): C:\Users\KevinHM\.gradle\caches\modules-2\files-2.1\org.jetbrains.kotlin\kotlin-compiler-embeddable\1.6.0\aa8da3bedc53c89219b84a0b40c7419431a13e76\kotlin-compiler-embeddable-1.6.0.jar;C:\Users\KevinHM\.gradle\caches\modules-2\files-2.1\org.jetbrains.kotlin\kotlin-reflect\1.6.0\a215a7f914d5916dc5fd2d45cea16524e0220203\kotlin-reflect-1.6.0.jar;C:\Users\KevinHM\.gradle\caches\modules-2\files-2.1\org.jetbrains.kotlin\kotlin-stdlib\1.6.0\a40b8b22529b733892edf4b73468ce598bb17f04\kotlin-stdlib-1.6.0.jar;C:\Users\KevinHM\.gradle\caches\modules-2\files-2.1\org.jetbrains.kotlin\kotlin-script-runtime\1.6.0\55f72526ddcff6fc77d72cdf949c7e3d9bd95620\kotlin-script-runtime-1.6.0.jar;C:\Users\KevinHM\.gradle\caches\modules-2\files-2.1\org.jetbrains.kotlin\kotlin-daemon-embeddable\1.6.0\d6242b37f4ce6b637d10847c7558446272ec8432\kotlin-daemon-embeddable-1.6.0.jar;C:\Users\KevinHM\.gradle\caches\modules-2\files-2.1\org.jetbrains.intellij.deps\trove4j\1.0.20181211\216c2e14b070f334479d800987affe4054cd563f\trove4j-1.0.20181211.jar;C:\Users\KevinHM\.gradle\caches\modules-2\files-2.1\net.java.dev.jna\jna\5.6.0\330f2244e9030119ab3030fc3fededc86713d9cc\jna-5.6.0.jar;C:\Users\KevinHM\.gradle\caches\modules-2\files-2.1\org.jetbrains\annotations\13.0\919f0dfe192fb4e063e7dacadee7f8bb9a2672a9\annotations-13.0.jar;C:\Users\KevinHM\.gradle\caches\modules-2\files-2.1\org.jetbrains.kotlin\kotlin-stdlib-common\1.6.0\7857e365f925cfa060f941c1357cda1f8790502c\kotlin-stdlib-common-1.6.0.jar
Launcher Type: SUN_STANDARD

[Global flags]
     intx CICompilerCount                          = 3                                         {product} {ergonomic}
     uint ConcGCThreads                            = 1                                         {product} {ergonomic}
     uint G1ConcRefinementThreads                  = 4                                         {product} {ergonomic}
   size_t G1HeapRegionSize                         = 1048576                                   {product} {ergonomic}
    uintx GCDrainStackTargetSize                   = 64                                        {product} {ergonomic}
   size_t InitialHeapSize                          = 201326592                                 {product} {ergonomic}
   size_t MarkStackSize                            = 4194304                                   {product} {ergonomic}
   size_t MaxHeapSize                              = 3196059648                                {product} {ergonomic}
   size_t MaxNewSize                               = 1916796928                                {product} {ergonomic}
   size_t MinHeapDeltaBytes                        = 1048576                                   {product} {ergonomic}
    uintx NonNMethodCodeHeapSize                   = 5830732                                {pd product} {ergonomic}
    uintx NonProfiledCodeHeapSize                  = 122913754                              {pd product} {ergonomic}
    uintx ProfiledCodeHeapSize                     = 122913754                              {pd product} {ergonomic}
    uintx ReservedCodeCacheSize                    = 251658240                              {pd product} {ergonomic}
     bool SegmentedCodeCache                       = true                                      {product} {ergonomic}
     bool UseCompressedClassPointers               = true                                 {lp64_product} {ergonomic}
     bool UseCompressedOops                        = true                                 {lp64_product} {ergonomic}
     bool UseG1GC                                  = true                                      {product} {ergonomic}
     bool UseLargePagesIndividualAllocation        = false                                  {pd product} {ergonomic}

Logging:
Log output configuration:
 #0: stdout all=warning uptime,level,tags
 #1: stderr all=off uptime,level,tags

Environment Variables:
PATH=C:\Python39\Scripts\;C:\Python39\;C:\Program Files (x86)\Common Files\Oracle\Java\javapath;C:\installoracle\WINDOWS.X64_193000_db_home\bin;C:\installoracle\WINDOWS.X64_180000_db_home\bin;C:\oracle\bin;C:\ORACLE19c\WINDOWS.X64_193000_db_home\bin;C:\Program Files (x86)\NVIDIA Corporation\PhysX\Common;C:\Windows\system32;C:\Windows;C:\Windows\System32\Wbem;C:\Windows\System32\WindowsPowerShell\v1.0\;C:\Windows\System32\OpenSSH\;C:\Program Files\Intel\WiFi\bin\;C:\Program Files\Common Files\Intel\WirelessCommon\;C:\Program Files\Java\jdk1.8.0_271\bin;C:\xampp\php;C:\Composer;C:\ProgramData\ComposerSetup\bin;C:\flutter\bin;C:\Program Files\Git\cmd;C:\ProgramData\chocolatey\bin;C:\Program Files\MongoDB\Server\5.0\bin;C:\Users\KevinHM\.deno\bin;C:\Program Files\Android\Android Studio\bin;C:\Users\KevinHM\AppData\Local\Microsoft\WindowsApps;C:\Program Files\Intel\WiFi\bin\;C:\Program Files\Common Files\Intel\WirelessCommon\;C:\Users\KevinHM\AppData\Local\GitHubDesktop\bin;C:\Users\KevinHM\AppData\Local\Programs\Microsoft VS Code\bin;C:\xampp\php;C:\Users\KevinHM\AppData\Roaming\Composer\vendor\bin;C:\Users\KevinHM\.deno\bin;C:\Program Files\MongoDB\Server\5.0\bin;C:\Program Files\Android\Android Studio\bin;;C:\Program Files\JetBrains\IntelliJ IDEA Community Edition 2021.2.3\bin;
USERNAME=KevinHM
OS=Windows_NT
PROCESSOR_IDENTIFIER=Intel64 Family 6 Model 58 Stepping 9, GenuineIntel



---------------  S Y S T E M  ---------------

OS: Windows 10 , 64 bit Build 17763 (10.0.17763.2300)
OS uptime: 4 days 23:14 hours

CPU:total 4 (initial active 4) (2 cores per cpu, 2 threads per core) family 6 model 58 stepping 9 microcode 0x21, cmov, cx8, fxsr, mmx, sse, sse2, sse3, ssse3, sse4.1, sse4.2, popcnt, avx, aes, clmul, erms, ht, tsc, tscinvbit, tscinv

Memory: 4k page, system-wide physical 12187M (1946M free)
TotalPageFile size 12187M (AvailPageFile size 1M)
current process WorkingSet (physical memory assigned to process): 262M, peak: 262M
current process commit charge ("private bytes"): 379M, peak: 418M

vm_info: OpenJDK 64-Bit Server VM (11.0.10+0-b96-7249189) for windows-amd64 JRE (11.0.10+0-b96-7249189), built on Mar 31 2021 21:44:00 by "builder" with MS VC++ 14.0 (VS2015)

END.
